# JRE version: OpenJDK Runtime Environment Temurin-17.0.7+7 (17.0.7+7) (build 17.0.7+7)
# Java VM: OpenJDK 64-Bit Server VM Temurin-17.0.7+7 (17.0.7+7, mixed mode, tiered, compressed oops, compressed class ptrs, parallel gc, windows-amd64)
GC Precious Log:
 CPUs: 2 total, 2 available
 Memory: 3963M
 Large Page Support: Disabled
 NUMA Support: Disabled
 Compressed Oops: Enabled (32-bit)
 Alignments: Space 512K, Generation 512K, Heap 2M
 Heap Min Capacity: 100M
 Heap Initial Capacity: 100M
 Heap Max Capacity: 1G
 Pre-touch: Disabled
 Parallel Workers: 2
Heap:
 PSYoungGen      total 3072K, used 443K [0x00000000eab00000, 0x00000000eaf00000, 0x0000000100000000)
  eden space 2048K, 0% used [0x00000000eab00000,0x00000000eab02dc0,0x00000000ead00000)
  from space 1024K, 42% used [0x00000000ead00000,0x00000000ead6c010,0x00000000eae00000)
  to   space 1024K, 0% used [0x00000000eae00000,0x00000000eae00000,0x00000000eaf00000)
 ParOldGen       total 145408K, used 139425K [0x00000000c0000000, 0x00000000c8e00000, 0x00000000eab00000)
  object space 145408K, 95% used [0x00000000c0000000,0x00000000c8828408,0x00000000c8e00000)
 Metaspace       used 82142K, committed 83264K, reserved 1179648K
  class space    used 8256K, committed 8768K, reserved 1048576K
GC Heap History (20 events):
Event: 3642.796 GC heap before
{Heap before GC invocations=3944 (full 118):
 PSYoungGen      total 1536K, used 1023K [0x00000000eab00000, 0x00000000ead80000, 0x0000000100000000)
  eden space 512K, 99% used [0x00000000eab00000,0x00000000eab7ffd8,0x00000000eab80000)
  from space 1024K, 50% used [0x00000000eac80000,0x00000000ead00000,0x00000000ead80000)
  to   space 1024K, 0% used [0x00000000eab80000,0x00000000eab80000,0x00000000eac80000)
 ParOldGen       total 145408K, used 130938K [0x00000000c0000000, 0x00000000c8e00000, 0x00000000eab00000)
  object space 145408K, 90% used [0x00000000c0000000,0x00000000c7fdeb08,0x00000000c8e00000)
 Metaspace       used 82140K, committed 83264K, reserved 1179648K
  class space    used 8256K, committed 8768K, reserved 1048576K
}
Event: 3642.801 GC heap after
{Heap after GC invocations=3944 (full 118):
 PSYoungGen      total 1536K, used 512K [0x00000000eab00000, 0x00000000eae00000, 0x0000000100000000)
  eden space 512K, 0% used [0x00000000eab00000,0x00000000eab00000,0x00000000eab80000)
  from space 1024K, 50% used [0x00000000eab80000,0x00000000eac00000,0x00000000eac80000)
  to   space 1024K, 0% used [0x00000000ead00000,0x00000000ead00000,0x00000000eae00000)
 ParOldGen       total 145408K, used 131418K [0x00000000c0000000, 0x00000000c8e00000, 0x00000000eab00000)
  object space 145408K, 90% used [0x00000000c0000000,0x00000000c8056b08,0x00000000c8e00000)
 Metaspace       used 82140K, committed 83264K, reserved 1179648K
  class space    used 8256K, committed 8768K, reserved 1048576K
}
Event: 3642.820 GC heap before
{Heap before GC invocations=3945 (full 118):
 PSYoungGen      total 1536K, used 1021K [0x00000000eab00000, 0x00000000eae00000, 0x0000000100000000)
  eden space 512K, 99% used [0x00000000eab00000,0x00000000eab7f418,0x00000000eab80000)
  from space 1024K, 50% used [0x00000000eab80000,0x00000000eac00000,0x00000000eac80000)
  to   space 1024K, 0% used [0x00000000ead00000,0x00000000ead00000,0x00000000eae00000)
 ParOldGen       total 145408K, used 131418K [0x00000000c0000000, 0x00000000c8e00000, 0x00000000eab00000)
  object space 145408K, 90% used [0x00000000c0000000,0x00000000c8056b08,0x00000000c8e00000)
 Metaspace       used 82140K, committed 83264K, reserved 1179648K
  class space    used 8256K, committed 8768K, reserved 1048576K
}
Event: 3642.824 GC heap after
{Heap after GC invocations=3945 (full 118):
 PSYoungGen      total 2048K, used 512K [0x00000000eab00000, 0x00000000eae00000, 0x0000000100000000)
  eden space 1024K, 0% used [0x00000000eab00000,0x00000000eab00000,0x00000000eac00000)
  from space 1024K, 50% used [0x00000000ead00000,0x00000000ead80000,0x00000000eae00000)
  to   space 1024K, 0% used [0x00000000eac00000,0x00000000eac00000,0x00000000ead00000)
 ParOldGen       total 145408K, used 131906K [0x00000000c0000000, 0x00000000c8e00000, 0x00000000eab00000)
  object space 145408K, 90% used [0x00000000c0000000,0x00000000c80d0b08,0x00000000c8e00000)
 Metaspace       used 82140K, committed 83264K, reserved 1179648K
  class space    used 8256K, committed 8768K, reserved 1048576K
}
Event: 3648.014 GC heap before
{Heap before GC invocations=3946 (full 118):
 PSYoungGen      total 2048K, used 1533K [0x00000000eab00000, 0x00000000eae00000, 0x0000000100000000)
  eden space 1024K, 99% used [0x00000000eab00000,0x00000000eabff580,0x00000000eac00000)
  from space 1024K, 50% used [0x00000000ead00000,0x00000000ead80000,0x00000000eae00000)
  to   space 1024K, 0% used [0x00000000eac00000,0x00000000eac00000,0x00000000ead00000)
 ParOldGen       total 145408K, used 131906K [0x00000000c0000000, 0x00000000c8e00000, 0x00000000eab00000)
  object space 145408K, 90% used [0x00000000c0000000,0x00000000c80d0b08,0x00000000c8e00000)
 Metaspace       used 82140K, committed 83264K, reserved 1179648K
  class space    used 8256K, committed 8768K, reserved 1048576K
}
Event: 3648.016 GC heap after
{Heap after GC invocations=3946 (full 118):
 PSYoungGen      total 2048K, used 518K [0x00000000eab00000, 0x00000000eae00000, 0x0000000100000000)
  eden space 1024K, 0% used [0x00000000eab00000,0x00000000eab00000,0x00000000eac00000)
  from space 1024K, 50% used [0x00000000eac00000,0x00000000eac81800,0x00000000ead00000)
  to   space 1024K, 0% used [0x00000000ead00000,0x00000000ead00000,0x00000000eae00000)
 ParOldGen       total 145408K, used 132370K [0x00000000c0000000, 0x00000000c8e00000, 0x00000000eab00000)
  object space 145408K, 91% used [0x00000000c0000000,0x00000000c8144b08,0x00000000c8e00000)
 Metaspace       used 82140K, committed 83264K, reserved 1179648K
  class space    used 8256K, committed 8768K, reserved 1048576K
}
Event: 3648.021 GC heap before
{Heap before GC invocations=3947 (full 118):
 PSYoungGen      total 2048K, used 1542K [0x00000000eab00000, 0x00000000eae00000, 0x0000000100000000)
  eden space 1024K, 100% used [0x00000000eab00000,0x00000000eac00000,0x00000000eac00000)
  from space 1024K, 50% used [0x00000000eac00000,0x00000000eac81800,0x00000000ead00000)
  to   space 1024K, 0% used [0x00000000ead00000,0x00000000ead00000,0x00000000eae00000)
 ParOldGen       total 145408K, used 132370K [0x00000000c0000000, 0x00000000c8e00000, 0x00000000eab00000)
  object space 145408K, 91% used [0x00000000c0000000,0x00000000c8144b08,0x00000000c8e00000)
 Metaspace       used 82140K, committed 83264K, reserved 1179648K
  class space    used 8256K, committed 8768K, reserved 1048576K
}
Event: 3648.025 GC heap after
{Heap after GC invocations=3947 (full 118):
 PSYoungGen      total 2048K, used 776K [0x00000000eab00000, 0x00000000eae80000, 0x0000000100000000)
  eden space 1024K, 0% used [0x00000000eab00000,0x00000000eab00000,0x00000000eac00000)
  from space 1024K, 75% used [0x00000000ead00000,0x00000000eadc2000,0x00000000eae00000)
  to   space 1024K, 0% used [0x00000000eac00000,0x00000000eac00000,0x00000000ead00000)
 ParOldGen       total 145408K, used 132755K [0x00000000c0000000, 0x00000000c8e00000, 0x00000000eab00000)
  object space 145408K, 91% used [0x00000000c0000000,0x00000000c81a4f98,0x00000000c8e00000)
 Metaspace       used 82140K, committed 83264K, reserved 1179648K
  class space    used 8256K, committed 8768K, reserved 1048576K
}
Event: 3648.035 GC heap before
{Heap before GC invocations=3948 (full 118):
 PSYoungGen      total 2048K, used 1800K [0x00000000eab00000, 0x00000000eae80000, 0x0000000100000000)
  eden space 1024K, 100% used [0x00000000eab00000,0x00000000eac00000,0x00000000eac00000)
  from space 1024K, 75% used [0x00000000ead00000,0x00000000eadc2000,0x00000000eae00000)
  to   space 1024K, 0% used [0x00000000eac00000,0x00000000eac00000,0x00000000ead00000)
 ParOldGen       total 145408K, used 132755K [0x00000000c0000000, 0x00000000c8e00000, 0x00000000eab00000)
  object space 145408K, 91% used [0x00000000c0000000,0x00000000c81a4f98,0x00000000c8e00000)
 Metaspace       used 82140K, committed 83264K, reserved 1179648K
  class space    used 8256K, committed 8768K, reserved 1048576K
}
Event: 3648.041 GC heap after
{Heap after GC invocations=3948 (full 118):
 PSYoungGen      total 2048K, used 496K [0x00000000eab00000, 0x00000000eae80000, 0x0000000100000000)
  eden space 1024K, 0% used [0x00000000eab00000,0x00000000eab00000,0x00000000eac00000)
  from space 1024K, 48% used [0x00000000eac00000,0x00000000eac7c010,0x00000000ead00000)
  to   space 1024K, 0% used [0x00000000ead80000,0x00000000ead80000,0x00000000eae80000)
 ParOldGen       total 145408K, used 133499K [0x00000000c0000000, 0x00000000c8e00000, 0x00000000eab00000)
  object space 145408K, 91% used [0x00000000c0000000,0x00000000c825efa8,0x00000000c8e00000)
 Metaspace       used 82140K, committed 83264K, reserved 1179648K
  class space    used 8256K, committed 8768K, reserved 1048576K
}
Event: 3648.045 GC heap before
{Heap before GC invocations=3949 (full 118):
 PSYoungGen      total 2048K, used 1520K [0x00000000eab00000, 0x00000000eae80000, 0x0000000100000000)
  eden space 1024K, 100% used [0x00000000eab00000,0x00000000eac00000,0x00000000eac00000)
  from space 1024K, 48% used [0x00000000eac00000,0x00000000eac7c010,0x00000000ead00000)
  to   space 1024K, 0% used [0x00000000ead80000,0x00000000ead80000,0x00000000eae80000)
 ParOldGen       total 145408K, used 133499K [0x00000000c0000000, 0x00000000c8e00000, 0x00000000eab00000)
  object space 145408K, 91% used [0x00000000c0000000,0x00000000c825efa8,0x00000000c8e00000)
 Metaspace       used 82140K, committed 83264K, reserved 1179648K
  class space    used 8256K, committed 8768K, reserved 1048576K
}
Event: 3648.052 GC heap after
{Heap after GC invocations=3949 (full 118):
 PSYoungGen      total 2560K, used 944K [0x00000000eab00000, 0x00000000eae80000, 0x0000000100000000)
  eden space 1536K, 0% used [0x00000000eab00000,0x00000000eab00000,0x00000000eac80000)
  from space 1024K, 92% used [0x00000000ead80000,0x00000000eae6c000,0x00000000eae80000)
  to   space 1024K, 0% used [0x00000000eac80000,0x00000000eac80000,0x00000000ead80000)
 ParOldGen       total 145408K, used 133969K [0x00000000c0000000, 0x00000000c8e00000, 0x00000000eab00000)
  object space 145408K, 92% used [0x00000000c0000000,0x00000000c82d4448,0x00000000c8e00000)
 Metaspace       used 82140K, committed 83264K, reserved 1179648K
  class space    used 8256K, committed 8768K, reserved 1048576K
}
Event: 3648.086 GC heap before
{Heap before GC invocations=3950 (full 118):
 PSYoungGen      total 2560K, used 2480K [0x00000000eab00000, 0x00000000eae80000, 0x0000000100000000)
  eden space 1536K, 100% used [0x00000000eab00000,0x00000000eac80000,0x00000000eac80000)
  from space 1024K, 92% used [0x00000000ead80000,0x00000000eae6c000,0x00000000eae80000)
  to   space 1024K, 0% used [0x00000000eac80000,0x00000000eac80000,0x00000000ead80000)
 ParOldGen       total 145408K, used 133969K [0x00000000c0000000, 0x00000000c8e00000, 0x00000000eab00000)
  object space 145408K, 92% used [0x00000000c0000000,0x00000000c82d4448,0x00000000c8e00000)
 Metaspace       used 82140K, committed 83264K, reserved 1179648K
  class space    used 8256K, committed 8768K, reserved 1048576K
}
Event: 3648.103 GC heap after
{Heap after GC invocations=3950 (full 118):
 PSYoungGen      total 2560K, used 672K [0x00000000eab00000, 0x00000000eaf00000, 0x0000000100000000)
  eden space 1536K, 0% used [0x00000000eab00000,0x00000000eab00000,0x00000000eac80000)
  from space 1024K, 65% used [0x00000000eac80000,0x00000000ead28000,0x00000000ead80000)
  to   space 1024K, 0% used [0x00000000eae00000,0x00000000eae00000,0x00000000eaf00000)
 ParOldGen       total 145408K, used 134897K [0x00000000c0000000, 0x00000000c8e00000, 0x00000000eab00000)
  object space 145408K, 92% used [0x00000000c0000000,0x00000000c83bc448,0x00000000c8e00000)
 Metaspace       used 82140K, committed 83264K, reserved 1179648K
  class space    used 8256K, committed 8768K, reserved 1048576K
}
Event: 3648.868 GC heap before
{Heap before GC invocations=3951 (full 118):
 PSYoungGen      total 2560K, used 2208K [0x00000000eab00000, 0x00000000eaf00000, 0x0000000100000000)
  eden space 1536K, 100% used [0x00000000eab00000,0x00000000eac80000,0x00000000eac80000)
  from space 1024K, 65% used [0x00000000eac80000,0x00000000ead28000,0x00000000ead80000)
  to   space 1024K, 0% used [0x00000000eae00000,0x00000000eae00000,0x00000000eaf00000)
 ParOldGen       total 145408K, used 134897K [0x00000000c0000000, 0x00000000c8e00000, 0x00000000eab00000)
  object space 145408K, 92% used [0x00000000c0000000,0x00000000c83bc448,0x00000000c8e00000)
 Metaspace       used 82140K, committed 83264K, reserved 1179648K
  class space    used 8256K, committed 8768K, reserved 1048576K
}
Event: 3648.873 GC heap after
{Heap after GC invocations=3951 (full 118):
 PSYoungGen      total 3072K, used 410K [0x00000000eab00000, 0x00000000eaf00000, 0x0000000100000000)
  eden space 2048K, 0% used [0x00000000eab00000,0x00000000eab00000,0x00000000ead00000)
  from space 1024K, 40% used [0x00000000eae00000,0x00000000eae66b20,0x00000000eaf00000)
  to   space 1024K, 0% used [0x00000000ead00000,0x00000000ead00000,0x00000000eae00000)
 ParOldGen       total 145408K, used 135526K [0x00000000c0000000, 0x00000000c8e00000, 0x00000000eab00000)
  object space 145408K, 93% used [0x00000000c0000000,0x00000000c84598e8,0x00000000c8e00000)
 Metaspace       used 82140K, committed 83264K, reserved 1179648K
  class space    used 8256K, committed 8768K, reserved 1048576K
}
Event: 3648.904 GC heap before
{Heap before GC invocations=3952 (full 118):
 PSYoungGen      total 3072K, used 2458K [0x00000000eab00000, 0x00000000eaf00000, 0x0000000100000000)
  eden space 2048K, 99% used [0x00000000eab00000,0x00000000eacfffe8,0x00000000ead00000)
  from space 1024K, 40% used [0x00000000eae00000,0x00000000eae66b20,0x00000000eaf00000)
  to   space 1024K, 0% used [0x00000000ead00000,0x00000000ead00000,0x00000000eae00000)
 ParOldGen       total 145408K, used 135526K [0x00000000c0000000, 0x00000000c8e00000, 0x00000000eab00000)
  object space 145408K, 93% used [0x00000000c0000000,0x00000000c84598e8,0x00000000c8e00000)
 Metaspace       used 82140K, committed 83264K, reserved 1179648K
  class space    used 8256K, committed 8768K, reserved 1048576K
}
Event: 3648.912 GC heap after
{Heap after GC invocations=3952 (full 118):
 PSYoungGen      total 3072K, used 1024K [0x00000000eab00000, 0x00000000eaf00000, 0x0000000100000000)
  eden space 2048K, 0% used [0x00000000eab00000,0x00000000eab00000,0x00000000ead00000)
  from space 1024K, 100% used [0x00000000ead00000,0x00000000eae00000,0x00000000eae00000)
  to   space 1024K, 0% used [0x00000000eae00000,0x00000000eae00000,0x00000000eaf00000)
 ParOldGen       total 145408K, used 136857K [0x00000000c0000000, 0x00000000c8e00000, 0x00000000eab00000)
  object space 145408K, 94% used [0x00000000c0000000,0x00000000c85a6408,0x00000000c8e00000)
 Metaspace       used 82140K, committed 83264K, reserved 1179648K
  class space    used 8256K, committed 8768K, reserved 1048576K
}
Event: 3650.319 GC heap before
{Heap before GC invocations=3953 (full 118):
 PSYoungGen      total 3072K, used 3072K [0x00000000eab00000, 0x00000000eaf00000, 0x0000000100000000)
  eden space 2048K, 100% used [0x00000000eab00000,0x00000000ead00000,0x00000000ead00000)
  from space 1024K, 100% used [0x00000000ead00000,0x00000000eae00000,0x00000000eae00000)
  to   space 1024K, 0% used [0x00000000eae00000,0x00000000eae00000,0x00000000eaf00000)
 ParOldGen       total 145408K, used 136857K [0x00000000c0000000, 0x00000000c8e00000, 0x00000000eab00000)
  object space 145408K, 94% used [0x00000000c0000000,0x00000000c85a6408,0x00000000c8e00000)
 Metaspace       used 82140K, committed 83264K, reserved 1179648K
  class space    used 8256K, committed 8768K, reserved 1048576K
}
Event: 3650.329 GC heap after
{Heap after GC invocations=3953 (full 118):
 PSYoungGen      total 3072K, used 1008K [0x00000000eab00000, 0x00000000eaf00000, 0x0000000100000000)
  eden space 2048K, 0% used [0x00000000eab00000,0x00000000eab00000,0x00000000ead00000)
  from space 1024K, 98% used [0x00000000eae00000,0x00000000eaefc000,0x00000000eaf00000)
  to   space 1024K, 0% used [0x00000000ead00000,0x00000000ead00000,0x00000000eae00000)
 ParOldGen       total 145408K, used 138409K [0x00000000c0000000, 0x00000000c8e00000, 0x00000000eab00000)
  object space 145408K, 95% used [0x00000000c0000000,0x00000000c872a408,0x00000000c8e00000)
 Metaspace       used 82140K, committed 83264K, reserved 1179648K
  class space    used 8256K, committed 8768K, reserved 1048576K
}

